09:52:38 **** Build of configuration Debug for project HMK4 ****
make all 
Building file: ../src/HMK4.cpp
Invoking: GCC C++ Compiler
g++ -O0 -g3 -Wall -c -fmessage-length=0 -MMD -MP -MF"src/HMK4.d" -MT"src/HMK4.d" -o "src/HMK4.o" "../src/HMK4.cpp"
Finished building: ../src/HMK4.cpp
 
Building target: HMK4
Invoking: GCC C++ Linker
g++  -o "HMK4"  ./src/HMK4.o   
Finished building target: HMK4
 
09:52:47 **** Incremental Build of configuration Debug for project HMK4 ****
make all 
make: Nothing to be done for `all'.
09:56:42 **** Incremental Build of configuration Debug for project HMK4 ****
make all 
Building file: ../src/main.cpp
Invoking: GCC C++ Compiler
g++ -O0 -g3 -Wall -c -fmessage-length=0 -MMD -MP -MF"src/main.d" -MT"src/main.d" -o "src/main.o" "../src/main.cpp"
../src/main.cpp:10:17: warning: identifier ‘nullptr’ is a keyword in C++11 [-Wc++0x-compat]
../src/main.cpp: In function ‘int main()’:
../src/main.cpp:4:9: warning: ‘auto’ changes meaning in C++11; please remove it [-Wc++0x-compat]
../src/main.cpp:4:14: error: ‘pid’ does not name a type
../src/main.cpp:5:12: error: ‘pid’ was not declared in this scope
../src/main.cpp:6:17: error: ‘cerr’ was not declared in this scope
../src/main.cpp:6:45: error: ‘endl’ is not a member of ‘std’
../src/main.cpp:7:12: error: ‘pid’ was not declared in this scope
../src/main.cpp:8:17: error: ‘cout’ is not a member of ‘std’
../src/main.cpp:8:53: error: ‘endl’ is not a member of ‘std’
../src/main.cpp:10:30: error: ‘nullptr’ was not declared in this scope
../src/main.cpp:10:40: error: ‘waitpid’ was not declared in this scope
../src/main.cpp:11:17: error: ‘cout’ is not a member of ‘std’
../src/main.cpp:11:71: error: ‘endl’ is not a member of ‘std’
make: *** [src/main.o] Error 1
09:57:02 **** Incremental Build of configuration Debug for project HMK4 ****
make all 
Building file: ../src/main.cpp
Invoking: GCC C++ Compiler
g++ -O0 -g3 -Wall -c -fmessage-length=0 -MMD -MP -MF"src/main.d" -MT"src/main.d" -o "src/main.o" "../src/main.cpp"
../src/main.cpp:11:17: warning: identifier ‘nullptr’ is a keyword in C++11 [-Wc++0x-compat]
../src/main.cpp: In function ‘int main()’:
../src/main.cpp:5:9: warning: ‘auto’ changes meaning in C++11; please remove it [-Wc++0x-compat]
../src/main.cpp:5:14: error: ‘pid’ does not name a type
../src/main.cpp:6:12: error: ‘pid’ was not declared in this scope
../src/main.cpp:7:17: error: ‘cerr’ was not declared in this scope
../src/main.cpp:7:17: note: suggested alternative:
In file included from ../src/main.cpp:1:0:
/usr/include/c++/4.7/iostream:63:18: note:   ‘std::cerr’
../src/main.cpp:8:12: error: ‘pid’ was not declared in this scope
../src/main.cpp:11:30: error: ‘nullptr’ was not declared in this scope
../src/main.cpp:11:40: error: ‘waitpid’ was not declared in this scope
make: *** [src/main.o] Error 1
09:59:15 **** Incremental Build of configuration Debug for project HMK4 ****
make all 
Building file: ../src/main.cpp
Invoking: GCC C++ Compiler
g++ -O0 -g3 -Wall -c -fmessage-length=0 -MMD -MP -MF"src/main.d" -MT"src/main.d" -o "src/main.o" "../src/main.cpp"
Finished building: ../src/main.cpp
 
Building target: HMK4
Invoking: GCC C++ Linker
g++  -o "HMK4"  ./src/main.o   
Finished building target: HMK4
 
13:28:12 **** Build of configuration Debug for project HMK4 ****
make all 
Building file: ../src/main.cpp
Invoking: GCC C++ Compiler
g++ -O0 -g3 -Wall -c -fmessage-length=0 -MMD -MP -MF"src/main.d" -MT"src/main.d" -o "src/main.o" "../src/main.cpp"
../src/main.cpp:44:3: warning: identifier ‘nullptr’ is a keyword in C++11 [-Wc++0x-compat]
../src/main.cpp: In function ‘int main(int, char**)’:
../src/main.cpp:36:2: warning: ‘auto’ changes meaning in C++11; please remove it [-Wc++0x-compat]
../src/main.cpp:36:7: error: ‘pid’ does not name a type
../src/main.cpp:37:5: error: ‘pid’ was not declared in this scope
../src/main.cpp:40:6: error: ‘pid’ was not declared in this scope
../src/main.cpp:44:17: error: ‘nullptr’ was not declared in this scope
../src/main.cpp:51:10: error: ‘pid’ was not declared in this scope
../src/main.cpp:51:15: error: ‘nullptr’ was not declared in this scope
../src/main.cpp:51:25: error: ‘waitpid’ was not declared in this scope
../src/main.cpp:35:6: warning: unused variable ‘status’ [-Wunused-variable]
make: *** [src/main.o] Error 1
13:31:20 **** Incremental Build of configuration Debug for project HMK4 ****
make all 
Building file: ../src/main.cpp
Invoking: GCC C++ Compiler
g++ -O0 -g3 -Wall -c -fmessage-length=0 -MMD -MP -MF"src/main.d" -MT"src/main.d" -o "src/main.o" "../src/main.cpp"
../src/main.cpp:44:3: warning: identifier ‘nullptr’ is a keyword in C++11 [-Wc++0x-compat]
../src/main.cpp: In function ‘int main(int, char**)’:
../src/main.cpp:36:2: warning: ‘auto’ changes meaning in C++11; please remove it [-Wc++0x-compat]
../src/main.cpp:36:7: error: ‘pid’ does not name a type
../src/main.cpp:37:5: error: ‘pid’ was not declared in this scope
../src/main.cpp:40:6: error: ‘pid’ was not declared in this scope
../src/main.cpp:44:17: error: ‘nullptr’ was not declared in this scope
../src/main.cpp:51:10: error: ‘pid’ was not declared in this scope
../src/main.cpp:51:15: error: ‘nullptr’ was not declared in this scope
../src/main.cpp:51:25: error: ‘waitpid’ was not declared in this scope
../src/main.cpp:35:6: warning: unused variable ‘status’ [-Wunused-variable]
make: *** [src/main.o] Error 1
13:32:04 **** Clean-only build of configuration Debug for project HMK4 ****
make clean 
rm -rf  ./src/main.o  ./src/main.d  HMK4
 
